<?xml version="1.0" encoding="utf-8"?><testsuites name="pytest tests"><testsuite name="pytest" errors="0" failures="0" skipped="0" tests="13" time="4.702" timestamp="2026-02-14T22:33:30.256295+00:00" hostname="agent-env-1351c94e-b87c-4bcf-80ce-358df3e8ded0"><testcase classname="tests.test_brazilian_artists.TestBrazilianArtistSearch" name="test_search_anitta" time="0.323" /><testcase classname="tests.test_brazilian_artists.TestBrazilianArtistSearch" name="test_search_ludmilla" time="0.125" /><testcase classname="tests.test_brazilian_artists.TestBrazilianArtistSearch" name="test_search_caetano_veloso" time="0.135" /><testcase classname="tests.test_brazilian_artists.TestBrazilianArtistSearch" name="test_search_alok" time="0.121" /><testcase classname="tests.test_brazilian_artists.TestBrazilianArtistCollaborations" name="test_anitta_has_collaborations" time="0.285" /><testcase classname="tests.test_brazilian_artists.TestBrazilianArtistCollaborations" name="test_ludmilla_has_collaborations" time="0.376" /><testcase classname="tests.test_brazilian_artists.TestBrazilianArtistCollaborations" name="test_anitta_connected_artists" time="0.458" /><testcase classname="tests.test_brazilian_artists.TestBrazilianArtistPathFinding" name="test_anitta_to_ludmilla_direct_path" time="0.656" /><testcase classname="tests.test_brazilian_artists.TestBrazilianArtistPathFinding" name="test_anitta_to_rihanna_direct_path" time="0.747" /><testcase classname="tests.test_brazilian_artists.TestBrazilianArtistPathFinding" name="test_caetano_to_anitta_path" time="0.735" /><testcase classname="tests.test_brazilian_artists.TestStatsEndpoint" name="test_stats_count" time="0.159" /><testcase classname="tests.test_brazilian_artists.TestRandomArtist" name="test_random_artist_returns_data" time="0.198" /><testcase classname="tests.test_brazilian_artists.TestRandomArtist" name="test_random_artist_excludes_ids" time="0.261" /></testsuite></testsuites>