<?xml version="1.0" encoding="utf-8"?><testsuites name="pytest tests"><testsuite name="pytest" errors="0" failures="0" skipped="0" tests="20" time="2.905" timestamp="2026-02-14T22:56:16.934587+00:00" hostname="agent-env-1351c94e-b87c-4bcf-80ce-358df3e8ded0"><testcase classname="backend.tests.test_auth_leaderboard.TestAuthEndpoints" name="test_auth_me_returns_401_when_not_authenticated" time="0.205" /><testcase classname="backend.tests.test_auth_leaderboard.TestAuthEndpoints" name="test_auth_session_requires_session_id" time="0.121" /><testcase classname="backend.tests.test_auth_leaderboard.TestAuthEndpoints" name="test_auth_logout_works_without_session" time="0.155" /><testcase classname="backend.tests.test_auth_leaderboard.TestLeaderboardEndpoints" name="test_leaderboard_default_returns_200" time="0.111" /><testcase classname="backend.tests.test_auth_leaderboard.TestLeaderboardEndpoints" name="test_leaderboard_period_daily" time="0.108" /><testcase classname="backend.tests.test_auth_leaderboard.TestLeaderboardEndpoints" name="test_leaderboard_period_weekly" time="0.124" /><testcase classname="backend.tests.test_auth_leaderboard.TestLeaderboardEndpoints" name="test_leaderboard_period_all" time="0.117" /><testcase classname="backend.tests.test_auth_leaderboard.TestLeaderboardEndpoints" name="test_leaderboard_sort_by_wins" time="0.142" /><testcase classname="backend.tests.test_auth_leaderboard.TestLeaderboardEndpoints" name="test_leaderboard_sort_by_steps" time="0.119" /><testcase classname="backend.tests.test_auth_leaderboard.TestLeaderboardEndpoints" name="test_leaderboard_sort_by_time" time="0.127" /><testcase classname="backend.tests.test_auth_leaderboard.TestLeaderboardEndpoints" name="test_leaderboard_with_limit" time="0.301" /><testcase classname="backend.tests.test_auth_leaderboard.TestLeaderboardEndpoints" name="test_leaderboard_combined_filters" time="0.134" /><testcase classname="backend.tests.test_auth_leaderboard.TestGameResultSubmission" name="test_submit_result_requires_auth" time="0.123" /><testcase classname="backend.tests.test_auth_leaderboard.TestUserHistoryAndRank" name="test_user_rank_endpoint_exists" time="0.145" /><testcase classname="backend.tests.test_auth_leaderboard.TestUserHistoryAndRank" name="test_user_rank_with_period" time="0.125" /><testcase classname="backend.tests.test_auth_leaderboard.TestUserHistoryAndRank" name="test_user_history_endpoint_exists" time="0.112" /><testcase classname="backend.tests.test_auth_leaderboard.TestUserHistoryAndRank" name="test_user_history_with_limit" time="0.122" /><testcase classname="backend.tests.test_auth_leaderboard.TestExistingEndpoints" name="test_api_root" time="0.143" /><testcase classname="backend.tests.test_auth_leaderboard.TestExistingEndpoints" name="test_stats_endpoint" time="0.129" /><testcase classname="backend.tests.test_auth_leaderboard.TestExistingEndpoints" name="test_artists_search" time="0.123" /></testsuite></testsuites>